C:\GAMEKIT\GAMECLIENT\DEBUG\GAMECLIENT.EXE
C:\GAMEKIT\GAMECLIENT\DEBUG\GAMECLIENT.ILK
C:\GAMEKIT\GAMECLIENT\DEBUG\GAMECLIENT.PDB
C:\GameKIT\GameClient\GameClient\Debug\cl.command.1.tlog
C:\GameKIT\GameClient\GameClient\Debug\CL.read.1.tlog
C:\GameKIT\GameClient\GameClient\Debug\CL.write.1.tlog
C:\GAMEKIT\GAMECLIENT\GAMECLIENT\DEBUG\GAME.OBJ
C:\GAMEKIT\GAMECLIENT\GAMECLIENT\DEBUG\GAMECALCULATION.OBJ
C:\GAMEKIT\GAMECLIENT\GAMECLIENT\DEBUG\GAMECLIENT.EXE.EMBED.MANIFEST
C:\GAMEKIT\GAMECLIENT\GAMECLIENT\DEBUG\GAMECLIENT.EXE.EMBED.MANIFEST.RES
C:\GAMEKIT\GAMECLIENT\GAMECLIENT\DEBUG\GAMECLIENT.EXE.INTERMEDIATE.MANIFEST
C:\GameKIT\GameClient\GameClient\Debug\GameClient_manifest.rc
C:\GAMEKIT\GAMECLIENT\GAMECLIENT\DEBUG\GAMECONTROL.OBJ
C:\GAMEKIT\GAMECLIENT\GAMECLIENT\DEBUG\GAMEGETDATAOBJ.OBJ
C:\GAMEKIT\GAMECLIENT\GAMECLIENT\DEBUG\GAMEMODEL.OBJ
C:\GAMEKIT\GAMECLIENT\GAMECLIENT\DEBUG\GAMENETWORK.OBJ
C:\GAMEKIT\GAMECLIENT\GAMECLIENT\DEBUG\GAMEOBJECT.OBJ
C:\GAMEKIT\GAMECLIENT\GAMECLIENT\DEBUG\GAMEOBJECT_PLAYER.OBJ
C:\GAMEKIT\GAMECLIENT\GAMECLIENT\DEBUG\GAMEPAINTOBJ.OBJ
C:\GAMEKIT\GAMECLIENT\GAMECLIENT\DEBUG\GAMESETTING.OBJ
C:\GAMEKIT\GAMECLIENT\GAMECLIENT\DEBUG\GAMEVIEWER.OBJ
C:\GAMEKIT\GAMECLIENT\GAMECLIENT\DEBUG\IDGENERATOR.OBJ
C:\GameKIT\GameClient\GameClient\Debug\link.4568.read.1.tlog
C:\GameKIT\GameClient\GameClient\Debug\link.4568.write.1.tlog
C:\GameKIT\GameClient\GameClient\Debug\link.4568-cvtres.read.1.tlog
C:\GameKIT\GameClient\GameClient\Debug\link.4568-cvtres.write.1.tlog
C:\GameKIT\GameClient\GameClient\Debug\link.command.1.tlog
C:\GameKIT\GameClient\GameClient\Debug\link.read.1.tlog
C:\GameKIT\GameClient\GameClient\Debug\link.write.1.tlog
C:\GameKIT\GameClient\GameClient\Debug\link-cvtres.read.1.tlog
C:\GameKIT\GameClient\GameClient\Debug\link-cvtres.write.1.tlog
C:\GameKIT\GameClient\GameClient\Debug\mt.command.1.tlog
C:\GameKIT\GameClient\GameClient\Debug\mt.read.1.tlog
C:\GameKIT\GameClient\GameClient\Debug\mt.write.1.tlog
C:\GAMEKIT\GAMECLIENT\GAMECLIENT\DEBUG\MULTICLASSTUNNEL.OBJ
C:\GameKIT\GameClient\GameClient\Debug\rc.command.1.tlog
C:\GameKIT\GameClient\GameClient\Debug\rc.read.1.tlog
C:\GameKIT\GameClient\GameClient\Debug\rc.write.1.tlog
C:\GameKIT\GameClient\GameClient\Debug\vc100.idb
C:\GAMEKIT\GAMECLIENT\GAMECLIENT\DEBUG\VC100.PDB
